2015-11-13 23:16:50 [ main:1119 ] - [ ERROR ] Context initialization failed
org.springframework.beans.factory.BeanDefinitionStoreException: IOException parsing XML document from class path resource [conf/spring-mybatis.xml]; nested exception is java.io.FileNotFoundException: class path resource [conf/spring-mybatis.xml] cannot be opened because it does not exist
	at org.springframework.beans.factory.xml.XmlBeanDefinitionReader.loadBeanDefinitions(XmlBeanDefinitionReader.java:341)
	at org.springframework.beans.factory.xml.XmlBeanDefinitionReader.loadBeanDefinitions(XmlBeanDefinitionReader.java:302)
	at org.springframework.beans.factory.support.AbstractBeanDefinitionReader.loadBeanDefinitions(AbstractBeanDefinitionReader.java:174)
	at org.springframework.beans.factory.support.AbstractBeanDefinitionReader.loadBeanDefinitions(AbstractBeanDefinitionReader.java:209)
	at org.springframework.beans.factory.support.AbstractBeanDefinitionReader.loadBeanDefinitions(AbstractBeanDefinitionReader.java:180)
	at org.springframework.web.context.support.XmlWebApplicationContext.loadBeanDefinitions(XmlWebApplicationContext.java:125)
	at org.springframework.web.context.support.XmlWebApplicationContext.loadBeanDefinitions(XmlWebApplicationContext.java:94)
	at org.springframework.context.support.AbstractRefreshableApplicationContext.refreshBeanFactory(AbstractRefreshableApplicationContext.java:130)
	at org.springframework.context.support.AbstractApplicationContext.obtainFreshBeanFactory(AbstractApplicationContext.java:537)
	at org.springframework.context.support.AbstractApplicationContext.refresh(AbstractApplicationContext.java:451)
	at org.springframework.web.context.ContextLoader.configureAndRefreshWebApplicationContext(ContextLoader.java:389)
	at org.springframework.web.context.ContextLoader.initWebApplicationContext(ContextLoader.java:294)
	at org.springframework.web.context.ContextLoaderListener.contextInitialized(ContextLoaderListener.java:112)
	at org.eclipse.jetty.server.handler.ContextHandler.callContextInitialized(ContextHandler.java:782)
	at org.eclipse.jetty.servlet.ServletContextHandler.callContextInitialized(ServletContextHandler.java:424)
	at org.eclipse.jetty.server.handler.ContextHandler.startContext(ContextHandler.java:774)
	at org.eclipse.jetty.servlet.ServletContextHandler.startContext(ServletContextHandler.java:249)
	at org.eclipse.jetty.webapp.WebAppContext.startContext(WebAppContext.java:1242)
	at org.eclipse.jetty.server.handler.ContextHandler.doStart(ContextHandler.java:717)
	at org.eclipse.jetty.webapp.WebAppContext.doStart(WebAppContext.java:494)
	at org.eclipse.jetty.util.component.AbstractLifeCycle.start(AbstractLifeCycle.java:64)
	at org.eclipse.jetty.server.handler.HandlerWrapper.doStart(HandlerWrapper.java:95)
	at org.eclipse.jetty.server.Server.doStart(Server.java:282)
	at org.eclipse.jetty.util.component.AbstractLifeCycle.start(AbstractLifeCycle.java:64)
	at net.sourceforge.eclipsejetty.starter.embedded.JettyEmbeddedAdapter.start(JettyEmbeddedAdapter.java:67)
	at net.sourceforge.eclipsejetty.starter.common.AbstractJettyLauncherMain.launch(AbstractJettyLauncherMain.java:85)
	at net.sourceforge.eclipsejetty.starter.embedded.JettyEmbeddedLauncherMain.main(JettyEmbeddedLauncherMain.java:42)
Caused by: java.io.FileNotFoundException: class path resource [conf/spring-mybatis.xml] cannot be opened because it does not exist
	at org.springframework.core.io.ClassPathResource.getInputStream(ClassPathResource.java:157)
	at org.springframework.beans.factory.xml.XmlBeanDefinitionReader.loadBeanDefinitions(XmlBeanDefinitionReader.java:328)
	... 26 more
2015-11-13 23:22:03 [ main:410 ] - [ ERROR ] Context initialization failed
org.springframework.beans.factory.BeanDefinitionStoreException: IOException parsing XML document from class path resource [conf/spring-mybatis.xml]; nested exception is java.io.FileNotFoundException: class path resource [conf/spring-mybatis.xml] cannot be opened because it does not exist
	at org.springframework.beans.factory.xml.XmlBeanDefinitionReader.loadBeanDefinitions(XmlBeanDefinitionReader.java:341)
	at org.springframework.beans.factory.xml.XmlBeanDefinitionReader.loadBeanDefinitions(XmlBeanDefinitionReader.java:302)
	at org.springframework.beans.factory.support.AbstractBeanDefinitionReader.loadBeanDefinitions(AbstractBeanDefinitionReader.java:174)
	at org.springframework.beans.factory.support.AbstractBeanDefinitionReader.loadBeanDefinitions(AbstractBeanDefinitionReader.java:209)
	at org.springframework.beans.factory.support.AbstractBeanDefinitionReader.loadBeanDefinitions(AbstractBeanDefinitionReader.java:180)
	at org.springframework.web.context.support.XmlWebApplicationContext.loadBeanDefinitions(XmlWebApplicationContext.java:125)
	at org.springframework.web.context.support.XmlWebApplicationContext.loadBeanDefinitions(XmlWebApplicationContext.java:94)
	at org.springframework.context.support.AbstractRefreshableApplicationContext.refreshBeanFactory(AbstractRefreshableApplicationContext.java:130)
	at org.springframework.context.support.AbstractApplicationContext.obtainFreshBeanFactory(AbstractApplicationContext.java:537)
	at org.springframework.context.support.AbstractApplicationContext.refresh(AbstractApplicationContext.java:451)
	at org.springframework.web.context.ContextLoader.configureAndRefreshWebApplicationContext(ContextLoader.java:389)
	at org.springframework.web.context.ContextLoader.initWebApplicationContext(ContextLoader.java:294)
	at org.springframework.web.context.ContextLoaderListener.contextInitialized(ContextLoaderListener.java:112)
	at org.eclipse.jetty.server.handler.ContextHandler.callContextInitialized(ContextHandler.java:782)
	at org.eclipse.jetty.servlet.ServletContextHandler.callContextInitialized(ServletContextHandler.java:424)
	at org.eclipse.jetty.server.handler.ContextHandler.startContext(ContextHandler.java:774)
	at org.eclipse.jetty.servlet.ServletContextHandler.startContext(ServletContextHandler.java:249)
	at org.eclipse.jetty.webapp.WebAppContext.startContext(WebAppContext.java:1242)
	at org.eclipse.jetty.server.handler.ContextHandler.doStart(ContextHandler.java:717)
	at org.eclipse.jetty.webapp.WebAppContext.doStart(WebAppContext.java:494)
	at org.eclipse.jetty.util.component.AbstractLifeCycle.start(AbstractLifeCycle.java:64)
	at org.eclipse.jetty.server.handler.HandlerWrapper.doStart(HandlerWrapper.java:95)
	at org.eclipse.jetty.server.Server.doStart(Server.java:282)
	at org.eclipse.jetty.util.component.AbstractLifeCycle.start(AbstractLifeCycle.java:64)
	at net.sourceforge.eclipsejetty.starter.embedded.JettyEmbeddedAdapter.start(JettyEmbeddedAdapter.java:67)
	at net.sourceforge.eclipsejetty.starter.common.AbstractJettyLauncherMain.launch(AbstractJettyLauncherMain.java:85)
	at net.sourceforge.eclipsejetty.starter.embedded.JettyEmbeddedLauncherMain.main(JettyEmbeddedLauncherMain.java:42)
Caused by: java.io.FileNotFoundException: class path resource [conf/spring-mybatis.xml] cannot be opened because it does not exist
	at org.springframework.core.io.ClassPathResource.getInputStream(ClassPathResource.java:157)
	at org.springframework.beans.factory.xml.XmlBeanDefinitionReader.loadBeanDefinitions(XmlBeanDefinitionReader.java:328)
	... 26 more
2015-11-13 23:24:23 [ main:1463 ] - [ ERROR ] maxIdle is deprecated
2015-11-13 23:24:24 [ main:2974 ] - [ ERROR ] init datasource error
java.sql.SQLException: null,  message from server: "Host '112.10.17.58' is not allowed to connect to this MySQL server"
	at com.mysql.jdbc.SQLError.createSQLException(SQLError.java:1086)
	at com.mysql.jdbc.SQLError.createSQLException(SQLError.java:989)
	at com.mysql.jdbc.SQLError.createSQLException(SQLError.java:975)
	at com.mysql.jdbc.MysqlIO.doHandshake(MysqlIO.java:1114)
	at com.mysql.jdbc.ConnectionImpl.coreConnect(ConnectionImpl.java:2502)
	at com.mysql.jdbc.ConnectionImpl.connectOneTryOnly(ConnectionImpl.java:2535)
	at com.mysql.jdbc.ConnectionImpl.createNewIO(ConnectionImpl.java:2320)
	at com.mysql.jdbc.ConnectionImpl.<init>(ConnectionImpl.java:834)
	at com.mysql.jdbc.JDBC4Connection.<init>(JDBC4Connection.java:46)
	at sun.reflect.NativeConstructorAccessorImpl.newInstance0(Native Method)
	at sun.reflect.NativeConstructorAccessorImpl.newInstance(NativeConstructorAccessorImpl.java:62)
	at sun.reflect.DelegatingConstructorAccessorImpl.newInstance(DelegatingConstructorAccessorImpl.java:45)
	at java.lang.reflect.Constructor.newInstance(Constructor.java:422)
	at com.mysql.jdbc.Util.handleNewInstance(Util.java:411)
	at com.mysql.jdbc.ConnectionImpl.getInstance(ConnectionImpl.java:416)
	at com.mysql.jdbc.NonRegisteringDriver.connect(NonRegisteringDriver.java:347)
	at com.alibaba.druid.pool.DruidAbstractDataSource.createPhysicalConnection(DruidAbstractDataSource.java:1358)
	at com.alibaba.druid.pool.DruidAbstractDataSource.createPhysicalConnection(DruidAbstractDataSource.java:1414)
	at com.alibaba.druid.pool.DruidDataSource.init(DruidDataSource.java:602)
	at sun.reflect.NativeMethodAccessorImpl.invoke0(Native Method)
	at sun.reflect.NativeMethodAccessorImpl.invoke(NativeMethodAccessorImpl.java:62)
	at sun.reflect.DelegatingMethodAccessorImpl.invoke(DelegatingMethodAccessorImpl.java:43)
	at java.lang.reflect.Method.invoke(Method.java:497)
	at org.springframework.beans.factory.support.AbstractAutowireCapableBeanFactory.invokeCustomInitMethod(AbstractAutowireCapableBeanFactory.java:1608)
	at org.springframework.beans.factory.support.AbstractAutowireCapableBeanFactory.invokeInitMethods(AbstractAutowireCapableBeanFactory.java:1549)
	at org.springframework.beans.factory.support.AbstractAutowireCapableBeanFactory.initializeBean(AbstractAutowireCapableBeanFactory.java:1479)
	at org.springframework.beans.factory.support.AbstractAutowireCapableBeanFactory.doCreateBean(AbstractAutowireCapableBeanFactory.java:521)
	at org.springframework.beans.factory.support.AbstractAutowireCapableBeanFactory.createBean(AbstractAutowireCapableBeanFactory.java:458)
	at org.springframework.beans.factory.support.AbstractBeanFactory$1.getObject(AbstractBeanFactory.java:295)
	at org.springframework.beans.factory.support.DefaultSingletonBeanRegistry.getSingleton(DefaultSingletonBeanRegistry.java:223)
	at org.springframework.beans.factory.support.AbstractBeanFactory.doGetBean(AbstractBeanFactory.java:292)
	at org.springframework.beans.factory.support.AbstractBeanFactory.getBean(AbstractBeanFactory.java:194)
	at org.springframework.beans.factory.support.DefaultListableBeanFactory.preInstantiateSingletons(DefaultListableBeanFactory.java:628)
	at org.springframework.context.support.AbstractApplicationContext.finishBeanFactoryInitialization(AbstractApplicationContext.java:932)
	at org.springframework.context.support.AbstractApplicationContext.refresh(AbstractApplicationContext.java:479)
	at org.springframework.web.context.ContextLoader.configureAndRefreshWebApplicationContext(ContextLoader.java:389)
	at org.springframework.web.context.ContextLoader.initWebApplicationContext(ContextLoader.java:294)
	at org.springframework.web.context.ContextLoaderListener.contextInitialized(ContextLoaderListener.java:112)
	at org.eclipse.jetty.server.handler.ContextHandler.callContextInitialized(ContextHandler.java:782)
	at org.eclipse.jetty.servlet.ServletContextHandler.callContextInitialized(ServletContextHandler.java:424)
	at org.eclipse.jetty.server.handler.ContextHandler.startContext(ContextHandler.java:774)
	at org.eclipse.jetty.servlet.ServletContextHandler.startContext(ServletContextHandler.java:249)
	at org.eclipse.jetty.webapp.WebAppContext.startContext(WebAppContext.java:1242)
	at org.eclipse.jetty.server.handler.ContextHandler.doStart(ContextHandler.java:717)
	at org.eclipse.jetty.webapp.WebAppContext.doStart(WebAppContext.java:494)
	at org.eclipse.jetty.util.component.AbstractLifeCycle.start(AbstractLifeCycle.java:64)
	at org.eclipse.jetty.server.handler.HandlerWrapper.doStart(HandlerWrapper.java:95)
	at org.eclipse.jetty.server.Server.doStart(Server.java:282)
	at org.eclipse.jetty.util.component.AbstractLifeCycle.start(AbstractLifeCycle.java:64)
	at net.sourceforge.eclipsejetty.starter.embedded.JettyEmbeddedAdapter.start(JettyEmbeddedAdapter.java:67)
	at net.sourceforge.eclipsejetty.starter.common.AbstractJettyLauncherMain.launch(AbstractJettyLauncherMain.java:85)
	at net.sourceforge.eclipsejetty.starter.embedded.JettyEmbeddedLauncherMain.main(JettyEmbeddedLauncherMain.java:42)
2015-11-13 23:24:24 [ main:3000 ] - [ ERROR ] dataSource init error
java.sql.SQLException: null,  message from server: "Host '112.10.17.58' is not allowed to connect to this MySQL server"
	at com.mysql.jdbc.SQLError.createSQLException(SQLError.java:1086)
	at com.mysql.jdbc.SQLError.createSQLException(SQLError.java:989)
	at com.mysql.jdbc.SQLError.createSQLException(SQLError.java:975)
	at com.mysql.jdbc.MysqlIO.doHandshake(MysqlIO.java:1114)
	at com.mysql.jdbc.ConnectionImpl.coreConnect(ConnectionImpl.java:2502)
	at com.mysql.jdbc.ConnectionImpl.connectOneTryOnly(ConnectionImpl.java:2535)
	at com.mysql.jdbc.ConnectionImpl.createNewIO(ConnectionImpl.java:2320)
	at com.mysql.jdbc.ConnectionImpl.<init>(ConnectionImpl.java:834)
	at com.mysql.jdbc.JDBC4Connection.<init>(JDBC4Connection.java:46)
	at sun.reflect.NativeConstructorAccessorImpl.newInstance0(Native Method)
	at sun.reflect.NativeConstructorAccessorImpl.newInstance(NativeConstructorAccessorImpl.java:62)
	at sun.reflect.DelegatingConstructorAccessorImpl.newInstance(DelegatingConstructorAccessorImpl.java:45)
	at java.lang.reflect.Constructor.newInstance(Constructor.java:422)
	at com.mysql.jdbc.Util.handleNewInstance(Util.java:411)
	at com.mysql.jdbc.ConnectionImpl.getInstance(ConnectionImpl.java:416)
	at com.mysql.jdbc.NonRegisteringDriver.connect(NonRegisteringDriver.java:347)
	at com.alibaba.druid.pool.DruidAbstractDataSource.createPhysicalConnection(DruidAbstractDataSource.java:1358)
	at com.alibaba.druid.pool.DruidAbstractDataSource.createPhysicalConnection(DruidAbstractDataSource.java:1414)
	at com.alibaba.druid.pool.DruidDataSource.init(DruidDataSource.java:602)
	at sun.reflect.NativeMethodAccessorImpl.invoke0(Native Method)
	at sun.reflect.NativeMethodAccessorImpl.invoke(NativeMethodAccessorImpl.java:62)
	at sun.reflect.DelegatingMethodAccessorImpl.invoke(DelegatingMethodAccessorImpl.java:43)
	at java.lang.reflect.Method.invoke(Method.java:497)
	at org.springframework.beans.factory.support.AbstractAutowireCapableBeanFactory.invokeCustomInitMethod(AbstractAutowireCapableBeanFactory.java:1608)
	at org.springframework.beans.factory.support.AbstractAutowireCapableBeanFactory.invokeInitMethods(AbstractAutowireCapableBeanFactory.java:1549)
	at org.springframework.beans.factory.support.AbstractAutowireCapableBeanFactory.initializeBean(AbstractAutowireCapableBeanFactory.java:1479)
	at org.springframework.beans.factory.support.AbstractAutowireCapableBeanFactory.doCreateBean(AbstractAutowireCapableBeanFactory.java:521)
	at org.springframework.beans.factory.support.AbstractAutowireCapableBeanFactory.createBean(AbstractAutowireCapableBeanFactory.java:458)
	at org.springframework.beans.factory.support.AbstractBeanFactory$1.getObject(AbstractBeanFactory.java:295)
	at org.springframework.beans.factory.support.DefaultSingletonBeanRegistry.getSingleton(DefaultSingletonBeanRegistry.java:223)
	at org.springframework.beans.factory.support.AbstractBeanFactory.doGetBean(AbstractBeanFactory.java:292)
	at org.springframework.beans.factory.support.AbstractBeanFactory.getBean(AbstractBeanFactory.java:194)
	at org.springframework.beans.factory.support.DefaultListableBeanFactory.preInstantiateSingletons(DefaultListableBeanFactory.java:628)
	at org.springframework.context.support.AbstractApplicationContext.finishBeanFactoryInitialization(AbstractApplicationContext.java:932)
	at org.springframework.context.support.AbstractApplicationContext.refresh(AbstractApplicationContext.java:479)
	at org.springframework.web.context.ContextLoader.configureAndRefreshWebApplicationContext(ContextLoader.java:389)
	at org.springframework.web.context.ContextLoader.initWebApplicationContext(ContextLoader.java:294)
	at org.springframework.web.context.ContextLoaderListener.contextInitialized(ContextLoaderListener.java:112)
	at org.eclipse.jetty.server.handler.ContextHandler.callContextInitialized(ContextHandler.java:782)
	at org.eclipse.jetty.servlet.ServletContextHandler.callContextInitialized(ServletContextHandler.java:424)
	at org.eclipse.jetty.server.handler.ContextHandler.startContext(ContextHandler.java:774)
	at org.eclipse.jetty.servlet.ServletContextHandler.startContext(ServletContextHandler.java:249)
	at org.eclipse.jetty.webapp.WebAppContext.startContext(WebAppContext.java:1242)
	at org.eclipse.jetty.server.handler.ContextHandler.doStart(ContextHandler.java:717)
	at org.eclipse.jetty.webapp.WebAppContext.doStart(WebAppContext.java:494)
	at org.eclipse.jetty.util.component.AbstractLifeCycle.start(AbstractLifeCycle.java:64)
	at org.eclipse.jetty.server.handler.HandlerWrapper.doStart(HandlerWrapper.java:95)
	at org.eclipse.jetty.server.Server.doStart(Server.java:282)
	at org.eclipse.jetty.util.component.AbstractLifeCycle.start(AbstractLifeCycle.java:64)
	at net.sourceforge.eclipsejetty.starter.embedded.JettyEmbeddedAdapter.start(JettyEmbeddedAdapter.java:67)
	at net.sourceforge.eclipsejetty.starter.common.AbstractJettyLauncherMain.launch(AbstractJettyLauncherMain.java:85)
	at net.sourceforge.eclipsejetty.starter.embedded.JettyEmbeddedLauncherMain.main(JettyEmbeddedLauncherMain.java:42)
2015-11-13 23:24:24 [ main:3004 ] - [ ERROR ] Context initialization failed
org.springframework.beans.factory.BeanCreationException: Error creating bean with name 'dataSource' defined in class path resource [conf/spring-mybatis.xml]: Invocation of init method failed; nested exception is java.sql.SQLException: null,  message from server: "Host '112.10.17.58' is not allowed to connect to this MySQL server"
	at org.springframework.beans.factory.support.AbstractAutowireCapableBeanFactory.initializeBean(AbstractAutowireCapableBeanFactory.java:1482)
	at org.springframework.beans.factory.support.AbstractAutowireCapableBeanFactory.doCreateBean(AbstractAutowireCapableBeanFactory.java:521)
	at org.springframework.beans.factory.support.AbstractAutowireCapableBeanFactory.createBean(AbstractAutowireCapableBeanFactory.java:458)
	at org.springframework.beans.factory.support.AbstractBeanFactory$1.getObject(AbstractBeanFactory.java:295)
	at org.springframework.beans.factory.support.DefaultSingletonBeanRegistry.getSingleton(DefaultSingletonBeanRegistry.java:223)
	at org.springframework.beans.factory.support.AbstractBeanFactory.doGetBean(AbstractBeanFactory.java:292)
	at org.springframework.beans.factory.support.AbstractBeanFactory.getBean(AbstractBeanFactory.java:194)
	at org.springframework.beans.factory.support.DefaultListableBeanFactory.preInstantiateSingletons(DefaultListableBeanFactory.java:628)
	at org.springframework.context.support.AbstractApplicationContext.finishBeanFactoryInitialization(AbstractApplicationContext.java:932)
	at org.springframework.context.support.AbstractApplicationContext.refresh(AbstractApplicationContext.java:479)
	at org.springframework.web.context.ContextLoader.configureAndRefreshWebApplicationContext(ContextLoader.java:389)
	at org.springframework.web.context.ContextLoader.initWebApplicationContext(ContextLoader.java:294)
	at org.springframework.web.context.ContextLoaderListener.contextInitialized(ContextLoaderListener.java:112)
	at org.eclipse.jetty.server.handler.ContextHandler.callContextInitialized(ContextHandler.java:782)
	at org.eclipse.jetty.servlet.ServletContextHandler.callContextInitialized(ServletContextHandler.java:424)
	at org.eclipse.jetty.server.handler.ContextHandler.startContext(ContextHandler.java:774)
	at org.eclipse.jetty.servlet.ServletContextHandler.startContext(ServletContextHandler.java:249)
	at org.eclipse.jetty.webapp.WebAppContext.startContext(WebAppContext.java:1242)
	at org.eclipse.jetty.server.handler.ContextHandler.doStart(ContextHandler.java:717)
	at org.eclipse.jetty.webapp.WebAppContext.doStart(WebAppContext.java:494)
	at org.eclipse.jetty.util.component.AbstractLifeCycle.start(AbstractLifeCycle.java:64)
	at org.eclipse.jetty.server.handler.HandlerWrapper.doStart(HandlerWrapper.java:95)
	at org.eclipse.jetty.server.Server.doStart(Server.java:282)
	at org.eclipse.jetty.util.component.AbstractLifeCycle.start(AbstractLifeCycle.java:64)
	at net.sourceforge.eclipsejetty.starter.embedded.JettyEmbeddedAdapter.start(JettyEmbeddedAdapter.java:67)
	at net.sourceforge.eclipsejetty.starter.common.AbstractJettyLauncherMain.launch(AbstractJettyLauncherMain.java:85)
	at net.sourceforge.eclipsejetty.starter.embedded.JettyEmbeddedLauncherMain.main(JettyEmbeddedLauncherMain.java:42)
Caused by: java.sql.SQLException: null,  message from server: "Host '112.10.17.58' is not allowed to connect to this MySQL server"
	at com.mysql.jdbc.SQLError.createSQLException(SQLError.java:1086)
	at com.mysql.jdbc.SQLError.createSQLException(SQLError.java:989)
	at com.mysql.jdbc.SQLError.createSQLException(SQLError.java:975)
	at com.mysql.jdbc.MysqlIO.doHandshake(MysqlIO.java:1114)
	at com.mysql.jdbc.ConnectionImpl.coreConnect(ConnectionImpl.java:2502)
	at com.mysql.jdbc.ConnectionImpl.connectOneTryOnly(ConnectionImpl.java:2535)
	at com.mysql.jdbc.ConnectionImpl.createNewIO(ConnectionImpl.java:2320)
	at com.mysql.jdbc.ConnectionImpl.<init>(ConnectionImpl.java:834)
	at com.mysql.jdbc.JDBC4Connection.<init>(JDBC4Connection.java:46)
	at sun.reflect.NativeConstructorAccessorImpl.newInstance0(Native Method)
	at sun.reflect.NativeConstructorAccessorImpl.newInstance(NativeConstructorAccessorImpl.java:62)
	at sun.reflect.DelegatingConstructorAccessorImpl.newInstance(DelegatingConstructorAccessorImpl.java:45)
	at java.lang.reflect.Constructor.newInstance(Constructor.java:422)
	at com.mysql.jdbc.Util.handleNewInstance(Util.java:411)
	at com.mysql.jdbc.ConnectionImpl.getInstance(ConnectionImpl.java:416)
	at com.mysql.jdbc.NonRegisteringDriver.connect(NonRegisteringDriver.java:347)
	at com.alibaba.druid.pool.DruidAbstractDataSource.createPhysicalConnection(DruidAbstractDataSource.java:1358)
	at com.alibaba.druid.pool.DruidAbstractDataSource.createPhysicalConnection(DruidAbstractDataSource.java:1414)
	at com.alibaba.druid.pool.DruidDataSource.init(DruidDataSource.java:602)
	at sun.reflect.NativeMethodAccessorImpl.invoke0(Native Method)
	at sun.reflect.NativeMethodAccessorImpl.invoke(NativeMethodAccessorImpl.java:62)
	at sun.reflect.DelegatingMethodAccessorImpl.invoke(DelegatingMethodAccessorImpl.java:43)
	at java.lang.reflect.Method.invoke(Method.java:497)
	at org.springframework.beans.factory.support.AbstractAutowireCapableBeanFactory.invokeCustomInitMethod(AbstractAutowireCapableBeanFactory.java:1608)
	at org.springframework.beans.factory.support.AbstractAutowireCapableBeanFactory.invokeInitMethods(AbstractAutowireCapableBeanFactory.java:1549)
	at org.springframework.beans.factory.support.AbstractAutowireCapableBeanFactory.initializeBean(AbstractAutowireCapableBeanFactory.java:1479)
	... 26 more
2015-11-13 23:30:12 [ main:1211 ] - [ ERROR ] maxIdle is deprecated
2015-11-13 23:30:12 [ main:1978 ] - [ ERROR ] Context initialization failed
org.springframework.beans.factory.BeanCreationException: Error creating bean with name 'sqlSessionFactory' defined in class path resource [conf/spring-mybatis.xml]: Initialization of bean failed; nested exception is org.springframework.beans.TypeMismatchException: Failed to convert property value of type 'java.lang.String' to required type 'org.springframework.core.io.Resource[]' for property 'mapperLocations'; nested exception is java.lang.IllegalArgumentException: Could not resolve resource location pattern [classpath:mapper/*.xml]: class path resource [mapper/] cannot be resolved to URL because it does not exist
	at org.springframework.beans.factory.support.AbstractAutowireCapableBeanFactory.doCreateBean(AbstractAutowireCapableBeanFactory.java:529)
	at org.springframework.beans.factory.support.AbstractAutowireCapableBeanFactory.createBean(AbstractAutowireCapableBeanFactory.java:458)
	at org.springframework.beans.factory.support.AbstractBeanFactory$1.getObject(AbstractBeanFactory.java:295)
	at org.springframework.beans.factory.support.DefaultSingletonBeanRegistry.getSingleton(DefaultSingletonBeanRegistry.java:223)
	at org.springframework.beans.factory.support.AbstractBeanFactory.doGetBean(AbstractBeanFactory.java:292)
	at org.springframework.beans.factory.support.AbstractBeanFactory.getBean(AbstractBeanFactory.java:194)
	at org.springframework.beans.factory.support.DefaultListableBeanFactory.preInstantiateSingletons(DefaultListableBeanFactory.java:610)
	at org.springframework.context.support.AbstractApplicationContext.finishBeanFactoryInitialization(AbstractApplicationContext.java:932)
	at org.springframework.context.support.AbstractApplicationContext.refresh(AbstractApplicationContext.java:479)
	at org.springframework.web.context.ContextLoader.configureAndRefreshWebApplicationContext(ContextLoader.java:389)
	at org.springframework.web.context.ContextLoader.initWebApplicationContext(ContextLoader.java:294)
	at org.springframework.web.context.ContextLoaderListener.contextInitialized(ContextLoaderListener.java:112)
	at org.eclipse.jetty.server.handler.ContextHandler.callContextInitialized(ContextHandler.java:782)
	at org.eclipse.jetty.servlet.ServletContextHandler.callContextInitialized(ServletContextHandler.java:424)
	at org.eclipse.jetty.server.handler.ContextHandler.startContext(ContextHandler.java:774)
	at org.eclipse.jetty.servlet.ServletContextHandler.startContext(ServletContextHandler.java:249)
	at org.eclipse.jetty.webapp.WebAppContext.startContext(WebAppContext.java:1242)
	at org.eclipse.jetty.server.handler.ContextHandler.doStart(ContextHandler.java:717)
	at org.eclipse.jetty.webapp.WebAppContext.doStart(WebAppContext.java:494)
	at org.eclipse.jetty.util.component.AbstractLifeCycle.start(AbstractLifeCycle.java:64)
	at org.eclipse.jetty.server.handler.HandlerWrapper.doStart(HandlerWrapper.java:95)
	at org.eclipse.jetty.server.Server.doStart(Server.java:282)
	at org.eclipse.jetty.util.component.AbstractLifeCycle.start(AbstractLifeCycle.java:64)
	at net.sourceforge.eclipsejetty.starter.embedded.JettyEmbeddedAdapter.start(JettyEmbeddedAdapter.java:67)
	at net.sourceforge.eclipsejetty.starter.common.AbstractJettyLauncherMain.launch(AbstractJettyLauncherMain.java:85)
	at net.sourceforge.eclipsejetty.starter.embedded.JettyEmbeddedLauncherMain.main(JettyEmbeddedLauncherMain.java:42)
Caused by: org.springframework.beans.TypeMismatchException: Failed to convert property value of type 'java.lang.String' to required type 'org.springframework.core.io.Resource[]' for property 'mapperLocations'; nested exception is java.lang.IllegalArgumentException: Could not resolve resource location pattern [classpath:mapper/*.xml]: class path resource [mapper/] cannot be resolved to URL because it does not exist
	at org.springframework.beans.BeanWrapperImpl.convertIfNecessary(BeanWrapperImpl.java:468)
	at org.springframework.beans.BeanWrapperImpl.convertForProperty(BeanWrapperImpl.java:494)
	at org.springframework.beans.BeanWrapperImpl.convertForProperty(BeanWrapperImpl.java:488)
	at org.springframework.beans.factory.support.AbstractAutowireCapableBeanFactory.convertForProperty(AbstractAutowireCapableBeanFactory.java:1433)
	at org.springframework.beans.factory.support.AbstractAutowireCapableBeanFactory.applyPropertyValues(AbstractAutowireCapableBeanFactory.java:1392)
	at org.springframework.beans.factory.support.AbstractAutowireCapableBeanFactory.populateBean(AbstractAutowireCapableBeanFactory.java:1128)
	at org.springframework.beans.factory.support.AbstractAutowireCapableBeanFactory.doCreateBean(AbstractAutowireCapableBeanFactory.java:519)
	... 25 more
Caused by: java.lang.IllegalArgumentException: Could not resolve resource location pattern [classpath:mapper/*.xml]: class path resource [mapper/] cannot be resolved to URL because it does not exist
	at org.springframework.core.io.support.ResourceArrayPropertyEditor.setAsText(ResourceArrayPropertyEditor.java:139)
	at org.springframework.beans.TypeConverterDelegate.doConvertTextValue(TypeConverterDelegate.java:452)
	at org.springframework.beans.TypeConverterDelegate.doConvertValue(TypeConverterDelegate.java:424)
	at org.springframework.beans.TypeConverterDelegate.convertIfNecessary(TypeConverterDelegate.java:181)
	at org.springframework.beans.BeanWrapperImpl.convertIfNecessary(BeanWrapperImpl.java:448)
	... 31 more
2015-11-13 23:31:29 [ main:1053 ] - [ ERROR ] maxIdle is deprecated
2015-11-13 23:37:37 [ main:1056 ] - [ ERROR ] maxIdle is deprecated
